<?xml version="1.0" encoding="UTF-8"?>
<!-- Generated by org.testng.reporters.JUnitXMLReporter -->
<testsuite hostname="Nehas-MacBook-Pro.local" ignored="0" name="Default test" tests="4" failures="0" timestamp="25 May 2020 17:12:10 GMT" time="0.039" errors="0">
  <testcase name="TC_Login_01" time="0.014" classname="Grouping.Login_Group"/>
  <testcase name="TC_Login_02" time="0.001" classname="Grouping.Login_Group"/>
  <testcase name="TC_Login_03" time="0.0" classname="Grouping.Login_Group"/>
  <testcase name="TC_Login_04" time="0.001" classname="Grouping.Login_Group"/>
</testsuite> <!-- Default test -->
