<?xml version="1.0" encoding="UTF-8"?>
<!-- Generated by org.testng.reporters.JUnitXMLReporter -->
<testsuite hostname="Nehas-MacBook-Pro.local" ignored="2" name="Login_Test" tests="2" failures="0" timestamp="12 Jun 2020 02:25:42 GMT" time="0.007" errors="0">
  <testcase name="TC_Login_02" time="0.002" classname="Grouping.Login_Group"/>
  <testcase name="TC_Login_03" time="0.001" classname="Grouping.Login_Group"/>
  <testcase name="TC_Login_01" time="0.0" classname="Grouping.Login_Group">
    <ignored/>
  </testcase> <!-- TC_Login_01 -->
  <testcase name="TC_Login_04" time="0.0" classname="Grouping.Login_Group">
    <ignored/>
  </testcase> <!-- TC_Login_04 -->
</testsuite> <!-- Login_Test -->
