<?xml version="1.0" encoding="UTF-8"?>
<!-- Generated by org.testng.reporters.JUnitXMLReporter -->
<testsuite hostname="Nehas-MacBook-Pro.local" ignored="0" name="Test" tests="6" failures="0" timestamp="25 May 2020 16:31:21 GMT" time="0.049" errors="0">
  <testcase name="TC_Login_01" time="0.016" classname="Grouping.Login_TC"/>
  <testcase name="TC_Login_02" time="0.002" classname="Grouping.Login_TC"/>
  <testcase name="TC_Login_03" time="0.001" classname="Grouping.Login_TC"/>
  <testcase name="TC_Login_04" time="0.001" classname="Grouping.Login_TC"/>
  <testcase name="TC_Home_01" time="0.001" classname="Grouping.Home_TC"/>
  <testcase name="TC_Home_02" time="0.0" classname="Grouping.Home_TC"/>
</testsuite> <!-- Test -->
