<?xml version="1.0" encoding="UTF-8"?>
<testng-results skipped="0" failed="0" ignored="3" total="6" passed="3">
  <reporter-output>
  </reporter-output>
  <suite name="Suite" duration-ms="29" started-at="2020-06-13T00:50:27Z" finished-at="2020-06-13T00:50:27Z">
    <groups>
      <group name="Sanity">
        <method signature="Login_Group.TC_Login_02()[pri:0, instance:Grouping.Login_Group@3878be7b]" name="TC_Login_02" class="Grouping.Login_Group"/>
        <method signature="Login_Group.TC_Login_03()[pri:0, instance:Grouping.Login_Group@3878be7b]" name="TC_Login_03" class="Grouping.Login_Group"/>
      </group> <!-- Sanity -->
      <group name="Regression">
        <method signature="Home_Group.TC_Home_01()[pri:0, instance:Grouping.Home_Group@64da6cbd]" name="TC_Home_01" class="Grouping.Home_Group"/>
        <method signature="Login_Group.TC_Login_03()[pri:0, instance:Grouping.Login_Group@3878be7b]" name="TC_Login_03" class="Grouping.Login_Group"/>
      </group> <!-- Regression -->
    </groups>
    <test name="Home_Test" duration-ms="21" started-at="2020-06-13T00:50:27Z" finished-at="2020-06-13T00:50:27Z">
      <class name="Grouping.Home_Group">
        <test-method status="PASS" signature="TC_Home_01()[pri:0, instance:Grouping.Home_Group@64da6cbd]" name="TC_Home_01" duration-ms="4" started-at="2020-06-13T00:50:27Z" finished-at="2020-06-13T00:50:27Z">
          <reporter-output>
          </reporter-output>
        </test-method> <!-- TC_Home_01 -->
      </class> <!-- Grouping.Home_Group -->
    </test> <!-- Home_Test -->
    <test name="Login_Test" duration-ms="2" started-at="2020-06-13T00:50:27Z" finished-at="2020-06-13T00:50:27Z">
      <class name="Grouping.Login_Group">
        <test-method status="PASS" signature="TC_Login_03()[pri:0, instance:Grouping.Login_Group@3878be7b]" name="TC_Login_03" duration-ms="1" started-at="2020-06-13T00:50:27Z" finished-at="2020-06-13T00:50:27Z">
          <reporter-output>
          </reporter-output>
        </test-method> <!-- TC_Login_03 -->
        <test-method status="PASS" signature="TC_Login_02()[pri:0, instance:Grouping.Login_Group@3878be7b]" name="TC_Login_02" duration-ms="0" started-at="2020-06-13T00:50:27Z" finished-at="2020-06-13T00:50:27Z">
          <reporter-output>
          </reporter-output>
        </test-method> <!-- TC_Login_02 -->
      </class> <!-- Grouping.Login_Group -->
    </test> <!-- Login_Test -->
  </suite> <!-- Suite -->
</testng-results>
